Generated at 2018-01-22 13:40:05 +0000
ArgumentError: You must supply a name when declaring a powershell_script resource
F:/opscode/chefdk/embedded/lib/ruby/gems/2.3.0/gems/chef-12.19.36-universal-mingw32/lib/chef/resource_builder.rb:46:in `build'
F:/opscode/chefdk/embedded/lib/ruby/gems/2.3.0/gems/chef-12.19.36-universal-mingw32/lib/chef/dsl/declare_resource.rb:291:in `build_resource'
F:/opscode/chefdk/embedded/lib/ruby/gems/2.3.0/gems/chef-12.19.36-universal-mingw32/lib/chef/dsl/declare_resource.rb:248:in `declare_resource'
F:/opscode/chefdk/embedded/lib/ruby/gems/2.3.0/gems/chef-12.19.36-universal-mingw32/lib/chef/dsl/resources.rb:39:in `powershell_script'
f:/opscode/winsvrbaseconfig/local-mode-cache/cache/cookbooks/database/recipes/test.rb:12:in `from_file'
F:/opscode/chefdk/embedded/lib/ruby/gems/2.3.0/gems/chef-12.19.36-universal-mingw32/lib/chef/mixin/from_file.rb:30:in `instance_eval'
F:/opscode/chefdk/embedded/lib/ruby/gems/2.3.0/gems/chef-12.19.36-universal-mingw32/lib/chef/mixin/from_file.rb:30:in `from_file'
F:/opscode/chefdk/embedded/lib/ruby/gems/2.3.0/gems/chef-12.19.36-universal-mingw32/lib/chef/cookbook_version.rb:233:in `load_recipe'
F:/opscode/chefdk/embedded/lib/ruby/gems/2.3.0/gems/chef-12.19.36-universal-mingw32/lib/chef/run_context.rb:338:in `load_recipe'
F:/opscode/chefdk/embedded/lib/ruby/gems/2.3.0/gems/chef-12.19.36-universal-mingw32/lib/chef/run_context/cookbook_compiler.rb:141:in `block in compile_recipes'
F:/opscode/chefdk/embedded/lib/ruby/gems/2.3.0/gems/chef-12.19.36-universal-mingw32/lib/chef/run_context/cookbook_compiler.rb:138:in `each'
F:/opscode/chefdk/embedded/lib/ruby/gems/2.3.0/gems/chef-12.19.36-universal-mingw32/lib/chef/run_context/cookbook_compiler.rb:138:in `compile_recipes'
F:/opscode/chefdk/embedded/lib/ruby/gems/2.3.0/gems/chef-12.19.36-universal-mingw32/lib/chef/run_context/cookbook_compiler.rb:75:in `compile'
F:/opscode/chefdk/embedded/lib/ruby/gems/2.3.0/gems/chef-12.19.36-universal-mingw32/lib/chef/run_context.rb:187:in `load'
F:/opscode/chefdk/embedded/lib/ruby/gems/2.3.0/gems/chef-12.19.36-universal-mingw32/lib/chef/policy_builder/expand_node_object.rb:97:in `setup_run_context'
F:/opscode/chefdk/embedded/lib/ruby/gems/2.3.0/gems/chef-12.19.36-universal-mingw32/lib/chef/client.rb:511:in `setup_run_context'
F:/opscode/chefdk/embedded/lib/ruby/gems/2.3.0/gems/chef-12.19.36-universal-mingw32/lib/chef/client.rb:281:in `run'
F:/opscode/chefdk/embedded/lib/ruby/gems/2.3.0/gems/chef-12.19.36-universal-mingw32/lib/chef/application.rb:277:in `run_with_graceful_exit_option'
F:/opscode/chefdk/embedded/lib/ruby/gems/2.3.0/gems/chef-12.19.36-universal-mingw32/lib/chef/application.rb:253:in `block in run_chef_client'
F:/opscode/chefdk/embedded/lib/ruby/gems/2.3.0/gems/chef-12.19.36-universal-mingw32/lib/chef/local_mode.rb:44:in `with_server_connectivity'
F:/opscode/chefdk/embedded/lib/ruby/gems/2.3.0/gems/chef-12.19.36-universal-mingw32/lib/chef/application.rb:236:in `run_chef_client'
F:/opscode/chefdk/embedded/lib/ruby/gems/2.3.0/gems/chef-12.19.36-universal-mingw32/lib/chef/application/client.rb:464:in `sleep_then_run_chef_client'
F:/opscode/chefdk/embedded/lib/ruby/gems/2.3.0/gems/chef-12.19.36-universal-mingw32/lib/chef/application/client.rb:451:in `block in interval_run_chef_client'
F:/opscode/chefdk/embedded/lib/ruby/gems/2.3.0/gems/chef-12.19.36-universal-mingw32/lib/chef/application/client.rb:450:in `loop'
F:/opscode/chefdk/embedded/lib/ruby/gems/2.3.0/gems/chef-12.19.36-universal-mingw32/lib/chef/application/client.rb:450:in `interval_run_chef_client'
F:/opscode/chefdk/embedded/lib/ruby/gems/2.3.0/gems/chef-12.19.36-universal-mingw32/lib/chef/application/client.rb:434:in `run_application'
F:/opscode/chefdk/embedded/lib/ruby/gems/2.3.0/gems/chef-12.19.36-universal-mingw32/lib/chef/application.rb:59:in `run'
F:/opscode/chefdk/embedded/lib/ruby/gems/2.3.0/gems/chef-12.19.36-universal-mingw32/bin/chef-client:26:in `<top (required)>'
F:/opscode/chefdk/bin/chef-client:69:in `load'
F:/opscode/chefdk/bin/chef-client:69:in `<main>'